  HOSTCC  scripts/basic/fixdep
  HOSTCC  scripts/kconfig/conf.o
  HOSTCC  scripts/kconfig/zconf.tab.o
  HOSTLD  scripts/kconfig/conf
#
# configuration written to .config
#
scripts/kconfig/conf --silentoldconfig Kconfig
  CHK     include/linux/version.h
  CHK     include/generated/utsrelease.h
make[1]: `include/generated/mach-types.h' is up to date.
  CC      kernel/bounds.s
  HOSTCC  scripts/kallsyms
  CC      scripts/mod/empty.o
  HOSTCC  scripts/mod/mk_elfconfig
  GEN     include/generated/bounds.h
  MKELF   scripts/mod/elfconfig.h
  CC      arch/arm/kernel/asm-offsets.s
  HOSTCC  scripts/mod/file2alias.o
  HOSTCC  scripts/mod/modpost.o
  HOSTCC  scripts/mod/sumversion.o
  GEN     include/generated/asm-offsets.h
  CALL    scripts/checksyscalls.sh
  HOSTLD  scripts/mod/modpost
  CC      init/main.o
  CHK     include/generated/compile.h
  CC      init/do_mounts.o
  CC      init/do_mounts_rd.o
  CC      init/do_mounts_initrd.o
  CC      init/initramfs.o
  HOSTCC  usr/gen_init_cpio
  CC      init/calibrate.o
  CC      init/version.o
  CC      arch/arm/vfp/vfpmodule.o
  AS      arch/arm/vfp/entry.o
  AS      arch/arm/vfp/vfphw.o
  CC      arch/arm/vfp/vfpsingle.o
  CC      arch/arm/vfp/vfpdouble.o
  CC      arch/arm/kernel/elf.o
  AS      arch/arm/kernel/entry-armv.o
  AS      arch/arm/kernel/entry-common.o
  CC      arch/arm/mm/dma-mapping.o
  CC      arch/arm/kernel/irq.o
  CC      arch/arm/kernel/process.o
  CC      arch/arm/mm/extable.o
  CC      arch/arm/mm/fault.o
  CC      arch/arm/mm/init.o
  CC      arch/arm/kernel/ptrace.o
  CC      arch/arm/kernel/return_address.o
  CC      arch/arm/kernel/setup.o
  CC      arch/arm/mm/iomap.o
  CC      arch/arm/mm/fault-armv.o
  CC      arch/arm/common/gic.o
  CC      arch/arm/kernel/signal.o
  CC      arch/arm/mm/flush.o
  AS      arch/arm/common/fiq_glue.o
  CC      arch/arm/mm/idmap.o
  CC      arch/arm/kernel/sys_arm.o
  CC      arch/arm/mm/ioremap.o
  CC      arch/arm/common/fiq_glue_setup.o
  CC      arch/arm/mach-omap2/id.o
  CC      arch/arm/mach-omap2/io.o
  CC      arch/arm/plat-omap/common.o
  CC      arch/arm/plat-omap/sram.o
  CC      arch/arm/plat-omap/clock.o
  CC      arch/arm/kernel/stacktrace.o
  CC      arch/arm/mm/mmap.o
  CC      arch/arm/common/fiq_debugger.o
  CC      arch/arm/plat-omap/devices.o
  CC      arch/arm/mach-omap2/control.o
  CC      arch/arm/mach-omap2/mux.o
  CC      arch/arm/mm/pgd.o
  CC      arch/arm/kernel/time.o
  CC      arch/arm/kernel/traps.o
  CC      arch/arm/kernel/fiq.o
  CC      arch/arm/plat-omap/dma.o
  CC      arch/arm/mach-omap2/devices.o
  CC      arch/arm/mm/mmu.o
  AS      arch/arm/kernel/fiqasm.o
  CC      arch/arm/mm/vmregion.o
  CC      arch/arm/kernel/armksyms.o
  CC      arch/arm/kernel/module.o
  CC      arch/arm/plat-omap/mux.o
  CC      kernel/sched.o
  CC      kernel/fork.o
  CC      kernel/exec_domain.o
  CC      kernel/panic.o
  CC      arch/arm/mm/proc-syms.o
  CC      arch/arm/mm/alignment.o
  LD      init/mounts.o
  AS      arch/arm/kernel/sleep.o
  CC      arch/arm/mm/highmem.o
  CC      kernel/printk.o
  CC      kernel/cpu.o
  CC      arch/arm/plat-omap/usb.o
  CC      arch/arm/kernel/sched_clock.o
  CC      arch/arm/kernel/smp.o
  CC      arch/arm/mach-omap2/serial.o
  LD      arch/arm/common/built-in.o
  AS      arch/arm/mm/abort-ev7.o
  AS      arch/arm/mm/pabort-v7.o
  GEN     usr/initramfs_data.cpio
  CC      arch/arm/kernel/smp_tlb.o
  CC      arch/arm/mach-omap2/gpmc.o
  CC      arch/arm/kernel/smp_scu.o
  CC      arch/arm/mach-omap2/timer-gp.o
  CC      arch/arm/mach-omap2/pm.o
  CC      arch/arm/mach-omap2/common.o
  CC      arch/arm/mach-omap2/gpio.o
  AS      usr/initramfs_data.o
  CC      arch/arm/mach-omap2/dma.o
  LD      usr/built-in.o
  CC      arch/arm/plat-omap/fb.o
  CC      arch/arm/plat-omap/io.o
  CC      arch/arm/plat-omap/counter_32k.o
  CC      mm/filemap.o
  CC      arch/arm/plat-omap/omap_device.o
  CC      arch/arm/kernel/smp_twd.o
  CC      arch/arm/mach-omap2/wd_timer.o
  AS      arch/arm/mm/cache-v7.o
  CC      arch/arm/mm/copypage-v6.o
  CC      arch/arm/mach-omap2/omap_pmic.o
  CC      arch/arm/kernel/sys_oabi-compat.o
  CC      arch/arm/mach-omap2/dmtimer.o
  CC      arch/arm/plat-omap/rproc_user.o
  CC      arch/arm/mach-omap2/prm44xx.o
  LD      init/built-in.o
  CC      arch/arm/mach-omap2/omap_hwmod.o
  CC      arch/arm/plat-omap/mcbsp.o
  CC      arch/arm/plat-omap/omap_rpmsg.o
  CC      arch/arm/mach-omap2/omap_hwmod_common_data.o
  CC      fs/open.o
  CC      arch/arm/kernel/thumbee.o
  CC      fs/read_write.o
  CC      fs/file_table.o
  CC      arch/arm/plat-omap/iommu.o
  CC      arch/arm/mm/context.o
  AS      arch/arm/mm/tlb-v7.o
  AS      arch/arm/mm/proc-v7.o
  CC      mm/mempool.o
  CC      arch/arm/mach-omap2/emif.o
  CC      arch/arm/mm/cache-l2x0.o
  CC      arch/arm/kernel/swp_emulate.o
  CC      arch/arm/plat-omap/iovmm.o
  CC      arch/arm/mach-omap2/lpddr2_jedec_data.o
  CC      arch/arm/plat-omap/dmtimer.o
  CC      arch/arm/mach-omap2/lpddr2_elpida_data.o
  CC      arch/arm/kernel/pmu.o
  CC      arch/arm/mach-omap2/mcbsp.o
  CC      mm/oom_kill.o
  CC      arch/arm/mach-omap2/omap_twl.o
  CC      arch/arm/plat-omap/i2c.o
  CC      fs/super.o
  CC      mm/fadvise.o
  CC      arch/arm/kernel/io.o
  CC      arch/arm/mach-omap2/omap_tps6236x.o
  AS      arch/arm/kernel/head.o
  CC      arch/arm/kernel/init_task.o
  LDS     arch/arm/kernel/vmlinux.lds
  CC      arch/arm/mach-omap2/temp_sensor_device.o
  CC      arch/arm/mach-omap2/omap-smp.o
  CC      fs/char_dev.o
  CC      arch/arm/plat-omap/mailbox.o
  CC      arch/arm/plat-omap/omap-pm-interface.o
  CC      ipc/util.o
  CC      ipc/msgutil.o
  CC      fs/stat.o
  CC      mm/maccess.o
  CC      mm/page_alloc.o
  CC      arch/arm/plat-omap/omap-pm-helper.o
  CC      ipc/msg.o
  CC      mm/page-writeback.o
  CC      mm/readahead.o
  LD      arch/arm/kernel/built-in.o
  AS      arch/arm/mach-omap2/omap-headsmp.o
  CC      mm/swap.o
  CC      arch/arm/mach-omap2/timer-mpu.o
  CC      ipc/sem.o
  CC      mm/truncate.o
  CC      fs/exec.o
  CC      security/commoncap.o
  CC      mm/vmscan.o
  CC      mm/shmem.o
  CC      security/min_addr.o
  CC      security/smc/tf_util.o
  CC      mm/prio_tree.o
  CC      fs/pipe.o
  CC      security/smc/tf_conn.o
  LD      arch/arm/vfp/vfp.o
  LD      arch/arm/vfp/built-in.o
  CC      fs/namei.o
  LD      arch/arm/mm/built-in.o
  CC      crypto/api.o
  CC      security/smc/tf_device.o
  CC      security/smc/tf_comm.o
  CC      security/smc/tf_crypto.o
  CC      arch/arm/mach-omap2/omap-hotplug.o
  AS      arch/arm/mach-omap2/omap44xx-smc.o
  CC      fs/fcntl.o
  CC      fs/ioctl.o
  CC      arch/arm/mach-omap2/omap4-common.o
  CC      fs/readdir.o
  CC      mm/util.o
  CC      arch/arm/mach-omap2/omap-wakeupgen.o
  CC      arch/arm/mach-omap2/mux44xx.o
  CC      crypto/cipher.o
  CC      fs/select.o
  CC      ipc/shm.o
  CC      fs/fifo.o
  CC      arch/arm/mach-omap2/opp.o
  CC      block/elevator.o
  CC      block/blk-core.o
  CC      security/smc/tf_crypto_digest.o
  CC      security/smc/tf_crypto_aes.o
  CC      fs/dcache.o
  CC      security/smc/tf_crypto_des.o
  CC      fs/inode.o
  CC      crypto/compress.o
  CC      block/blk-tag.o
  CC      arch/arm/mach-omap2/opp4xxx_data.o
  CC      security/smc/tf_dma.o
  CC      fs/attr.o
  CC      fs/bad_inode.o
  CC      block/blk-sysfs.o
  LD      arch/arm/plat-omap/built-in.o
  CC      block/blk-flush.o
  CC      ipc/ipcns_notifier.o
  LD      drivers/auxdisplay/built-in.o
  CC      block/blk-settings.o
  CC      block/blk-ioc.o
  CC      block/blk-map.o
  CC      drivers/base/core.o
  CC      fs/file.o
  CC      ipc/syscall.o
  CC      ipc/ipc_sysctl.o
  CC      mm/mmzone.o
  CC      mm/vmstat.o
  CC      mm/backing-dev.o
  CC      mm/page_isolation.o
  CC      arch/arm/mach-omap2/omap2plus-cpufreq.o
  CC      drivers/block/brd.o
  CC      drivers/block/loop.o
  CC      security/smc/tf_comm_mshield.o
  CC      mm/mm_init.o
  CC      fs/filesystems.o
  CC      fs/namespace.o
  CC      mm/mmu_context.o
  LD      ipc/built-in.o
  CC      block/blk-exec.o
  CC      fs/seq_file.o
  CC      mm/percpu.o
  CC      drivers/base/sys.o
  CC      fs/xattr.o
  CC      fs/libfs.o
  CC      mm/fremap.o
  CC      fs/fs-writeback.o
  CC      block/blk-merge.o
  CC      drivers/bluetooth/hci_ldisc.o
  LD      drivers/cdrom/built-in.o
  CC      block/blk-softirq.o
  CC      drivers/base/bus.o
  CC      security/smc/tf_device_mshield.o
  CC      arch/arm/mach-omap2/pm44xx.o
  CC      mm/highmem.o
  CC      mm/madvise.o
  CC      mm/memory.o
  CC      mm/mincore.o
  CC      fs/pnode.o
